<?xml version="1.0" encoding="UTF-8"?>
<testng-results skipped="0" failed="0" total="1" passed="1">
  <reporter-output>
  </reporter-output>
  <suite name="org.ravi.helloworld.HelloTest" duration-ms="5737" started-at="2018-03-29T09:55:17Z" finished-at="2018-03-29T09:55:23Z">
    <groups>
    </groups>
    <test name="Command line test" duration-ms="5737" started-at="2018-03-29T09:55:17Z" finished-at="2018-03-29T09:55:23Z">
      <class name="org.ravi.helloworld.HelloTest">
        <test-method status="PASS" signature="beforeTest()[pri:0, instance:org.ravi.helloworld.HelloTest@2d3fcdbd]" name="beforeTest" is-config="true" duration-ms="5234" started-at="2018-03-29T15:25:17Z" finished-at="2018-03-29T15:25:22Z">
          <reporter-output>
          </reporter-output>
        </test-method> <!-- beforeTest -->
        <test-method status="PASS" signature="f()[pri:0, instance:org.ravi.helloworld.HelloTest@2d3fcdbd]" name="f" duration-ms="1" started-at="2018-03-29T15:25:23Z" finished-at="2018-03-29T15:25:23Z">
          <reporter-output>
          </reporter-output>
        </test-method> <!-- f -->
        <test-method status="PASS" signature="afterTest()[pri:0, instance:org.ravi.helloworld.HelloTest@2d3fcdbd]" name="afterTest" is-config="true" duration-ms="484" started-at="2018-03-29T15:25:23Z" finished-at="2018-03-29T15:25:23Z">
          <reporter-output>
          </reporter-output>
        </test-method> <!-- afterTest -->
      </class> <!-- org.ravi.helloworld.HelloTest -->
    </test> <!-- Command line test -->
  </suite> <!-- org.ravi.helloworld.HelloTest -->
</testng-results>
